===2018-04-24 13:32:36.372 [http-nio-8080-exec-4] INFO  shangbai.com.service.user.impl.UserServiceImpl Line:29 -用户:null登录
===2018-04-24 13:33:56.846 [http-nio-8080-exec-2] INFO  shangbai.com.service.user.impl.UserServiceImpl Line:29 -用户:null登录
===2018-04-24 13:52:45.477 [http-nio-8080-exec-5] INFO  shangbai.com.service.user.impl.UserServiceImpl Line:29 -用户:null登录
===2018-04-24 13:53:56.958 [http-nio-8080-exec-8] INFO  shangbai.com.service.user.impl.UserServiceImpl Line:29 -用户:null登录
===2018-04-24 13:55:01.314 [http-nio-8080-exec-3] INFO  shangbai.com.service.user.impl.UserServiceImpl Line:29 -用户:null登录
===2018-04-24 13:55:41.891 [http-nio-8080-exec-2] INFO  shangbai.com.service.user.impl.UserServiceImpl Line:29 -用户:null登录
===2018-04-24 13:57:13.473 [http-nio-8080-exec-3] INFO  shangbai.com.service.user.impl.UserServiceImpl Line:29 -用户:null登录
===2018-04-24 13:57:54.718 [http-nio-8080-exec-3] INFO  shangbai.com.service.user.impl.UserServiceImpl Line:29 -用户:null登录
===2018-04-24 14:03:55.469 [http-nio-8080-exec-3] INFO  shangbai.com.service.user.impl.UserServiceImpl Line:29 -用户:admin登录
===2018-04-24 14:05:02.784 [http-nio-8080-exec-2] INFO  shangbai.com.service.user.impl.UserServiceImpl Line:29 -用户:admin登录
===2018-04-24 14:05:49.140 [http-nio-8080-exec-2] INFO  shangbai.com.service.user.impl.UserServiceImpl Line:29 -用户:admin登录
===2018-04-24 14:08:21.292 [http-nio-8080-exec-2] INFO  shangbai.com.service.user.impl.UserServiceImpl Line:29 -用户:admin登录
===2018-04-24 14:08:21.596 [http-nio-8080-exec-2] INFO  shangbai.com.service.user.impl.UserServiceImpl Line:42 -用户登录成功:{"realName":"³¬¼¶¹ÜÀíÔ±","tipStatus":1,"tipStatusContent":"成功","userName":"admin","userId":1}
===2018-04-24 14:10:31.692 [http-nio-8080-exec-3] INFO  shangbai.com.service.user.impl.UserServiceImpl Line:29 -用户:admin登录
===2018-04-24 14:10:31.977 [http-nio-8080-exec-3] INFO  shangbai.com.service.user.impl.UserServiceImpl Line:42 -用户登录成功:{"realName":"³¬¼¶¹ÜÀíÔ±","tipStatus":1,"tipStatusContent":"成功","userName":"admin","userId":1}
===2018-04-24 14:14:35.887 [http-nio-8080-exec-6] INFO  shangbai.com.service.user.impl.UserServiceImpl Line:29 -用户:admin登录
===2018-04-24 14:14:35.892 [http-nio-8080-exec-6] INFO  shangbai.com.service.user.impl.UserServiceImpl Line:42 -用户登录成功:{"realName":"³¬¼¶¹ÜÀíÔ±","tipStatus":1,"tipStatusContent":"成功","userName":"admin","userId":1}
===2018-04-24 15:17:58.596 [http-nio-8080-exec-10] INFO  shangbai.com.service.user.impl.UserServiceImpl Line:29 -用户:admin登录
===2018-04-24 15:19:14.859 [http-nio-8080-exec-2] INFO  shangbai.com.service.user.impl.UserServiceImpl Line:29 -用户:admin登录
===2018-04-24 15:19:15.126 [http-nio-8080-exec-2] INFO  shangbai.com.service.user.impl.UserServiceImpl Line:49 -用户登录失败:{"tipStatus":0,"tipStatusContent":"失败","userName":"admin"}
===2018-04-24 15:20:23.717 [http-nio-8080-exec-5] INFO  shangbai.com.service.user.impl.UserServiceImpl Line:29 -用户:admin登录
===2018-04-24 15:20:23.726 [http-nio-8080-exec-5] INFO  shangbai.com.service.user.impl.UserServiceImpl Line:42 -用户登录成功:{"realName":"³¬¼¶¹ÜÀíÔ±","tipStatus":1,"tipStatusContent":"成功","userName":"admin","userId":1}
===2018-04-24 15:27:08.790 [http-nio-8080-exec-8] INFO  shangbai.com.service.user.impl.UserServiceImpl Line:29 -用户:admin登录
===2018-04-24 15:27:08.794 [http-nio-8080-exec-8] INFO  shangbai.com.service.user.impl.UserServiceImpl Line:42 -用户登录成功:{"realName":"超级管理员","tipStatus":1,"tipStatusContent":"成功","userName":"admin","userId":1}
===2018-04-24 15:32:34.620 [http-nio-8080-exec-3] INFO  shangbai.com.service.user.impl.UserServiceImpl Line:29 -用户:admin登录
===2018-04-24 15:32:34.624 [http-nio-8080-exec-3] INFO  shangbai.com.service.user.impl.UserServiceImpl Line:42 -用户登录成功:{"realName":"³¬¼¶¹ÜÀíÔ±","tipStatus":1,"tipStatusContent":"成功","userName":"admin","userId":1}
===2018-04-24 15:38:54.014 [http-nio-8080-exec-3] INFO  shangbai.com.service.user.impl.UserServiceImpl Line:29 -用户:admin登录
===2018-04-24 15:38:54.289 [http-nio-8080-exec-3] INFO  shangbai.com.service.user.impl.UserServiceImpl Line:42 -用户登录成功:{"realName":"³¬¼¶¹ÜÀíÔ±","tipStatus":1,"tipStatusContent":"成功","userName":"admin","userId":1}
===2018-04-24 16:05:13.836 [http-nio-8080-exec-4] INFO  shangbai.com.service.user.impl.UserServiceImpl Line:29 -用户:nnn登录
===2018-04-24 16:05:14.101 [http-nio-8080-exec-4] INFO  shangbai.com.service.user.impl.UserServiceImpl Line:42 -用户登录成功:{"realName":"发的规划","tipStatus":1,"tipStatusContent":"成功","userName":"nnn","userId":4}
===2018-04-24 16:12:17.907 [http-nio-8080-exec-2] INFO  shangbai.com.service.user.impl.UserServiceImpl Line:29 -用户:admin登录
===2018-04-24 16:12:17.910 [http-nio-8080-exec-2] INFO  shangbai.com.service.user.impl.UserServiceImpl Line:42 -用户登录成功:{"realName":"超级管理员","tipStatus":1,"tipStatusContent":"成功","userName":"admin","userId":6}
===2018-04-24 16:41:02.392 [http-nio-8080-exec-4] INFO  shangbai.com.service.user.impl.UserServiceImpl Line:29 -用户:admin登录
===2018-04-24 16:41:03.830 [http-nio-8080-exec-4] INFO  shangbai.com.service.user.impl.UserServiceImpl Line:42 -用户登录成功:{"realName":"超级管理员","tipStatus":1,"tipStatusContent":"成功","userName":"admin","userId":6}
===2018-04-24 16:47:52.254 [http-nio-8080-exec-2] INFO  shangbai.com.service.user.impl.UserServiceImpl Line:29 -用户:admin登录
===2018-04-24 16:47:55.154 [http-nio-8080-exec-2] INFO  shangbai.com.service.user.impl.UserServiceImpl Line:42 -用户登录成功:{"realName":"超级管理员","tipStatus":1,"tipStatusContent":"成功","userName":"admin","userId":6}
===2018-04-24 16:48:24.115 [http-nio-8080-exec-2] INFO  shangbai.com.service.user.impl.UserServiceImpl Line:29 -用户:admin登录
===2018-04-24 16:48:24.375 [http-nio-8080-exec-2] INFO  shangbai.com.service.user.impl.UserServiceImpl Line:42 -用户登录成功:{"realName":"超级管理员","tipStatus":1,"tipStatusContent":"成功","userName":"admin","userId":6}
===2018-04-24 17:10:54.490 [http-nio-8080-exec-3] INFO  shangbai.com.service.user.impl.UserServiceImpl Line:29 -用户:admin登录
===2018-04-24 17:10:54.763 [http-nio-8080-exec-3] INFO  shangbai.com.service.user.impl.UserServiceImpl Line:43 -用户登录成功:{"realName":"超级管理员","tipStatus":1,"tipStatusContent":"成功","userName":"admin","userId":6}
